#
# A fatal error has been detected by the Java Runtime Environment:
#
#  SIGBUS (0x7) at pc=0x00007fddfd2657d2, pid=17421, tid=140590407055104
#
# JRE version: Java(TM) SE Runtime Environment (8.0_45-b14) (build 1.8.0_45-b14)
# Java VM: Java HotSpot(TM) 64-Bit Server VM (25.45-b02 mixed mode linux-amd64 compressed oops)
# Problematic frame:
# C  [libzip.so+0x117d2]  newEntry+0x62
#
# Failed to write core dump. Core dumps have been disabled. To enable core dumping, try "ulimit -c unlimited" before starting Java again
#
# If you would like to submit a bug report, please visit:
#   http://bugreport.java.com/bugreport/crash.jsp
# The crash happened outside the Java Virtual Machine in native code.
# See problematic frame for where to report the bug.
#

---------------  T H R E A D  ---------------

Current thread (0x00007fddf820d800):  JavaThread "qtp1078694789-15" [_thread_in_native, id=17453, stack(0x00007fddc1357000,0x00007fddc1458000)]

siginfo: si_signo: 7 (SIGBUS), si_code: 2 (BUS_ADRERR), si_addr: 0x00007fddc0f01088

Registers:
RAX=0x00007fdd900163c0, RBX=0x00007fddf8284c10, RCX=0x00007fdd90000020, RDX=0x00007fdd900163c0
RSP=0x00007fddc1455bb0, RBP=0x00007fddc1455c00, RSI=0x00007fdd90000038, RDI=0x00007fdd90000020
R8 =0x0000000000000003, R9 =0x0000000000000005, R10=0x00007fdde917b398, R11=0x00007fddff743a30
R12=0x00007fddc0f0106b, R13=0x00007fdd900163c0, R14=0x00000000933162fb, R15=0x00007fddf827cef0
RIP=0x00007fddfd2657d2, EFLAGS=0x0000000000010202, CSGSFS=0x0000000000000033, ERR=0x0000000000000004
  TRAPNO=0x000000000000000e

Top of Stack: (sp=0x00007fddc1455bb0)
0x00007fddc1455bb0:   0000000000000003 00007fdd00000000
0x00007fddc1455bc0:   00000001000007a8 00007fddfeebe42e
0x00007fddc1455bd0:   00007fdd900163c0 00007fddf8284c10
0x00007fddc1455be0:   00007fdd90018ed0 00007fddf827cef0
0x00007fddc1455bf0:   00000000933162fb 0000000000000015
0x00007fddc1455c00:   00007fddc1455c60 00007fddfd265f2f
0x00007fddc1455c10:   00007fddf820d800 0100000000000000
0x00007fddc1455c20:   00007fddc1455c80 00007fddc1455c96
0x00007fddc1455c30:   00007fddc1455c94 00007fddc1455c80
0x00007fddc1455c40:   0000000000000015 00007fddf820d9f8
0x00007fddc1455c50:   00007fddc14560d8 0000000000000001
0x00007fddc1455c60:   00007fddc14560c0 00007fddfd257d30
0x00007fddc1455c70:   00007fddc1455cf0 00007fddf827cef0
0x00007fddc1455c80:   75462f616c616373 2e326e6f6974636e
0x00007fddc1455c90:   0000007373616c63 00007fddf820e148
0x00007fddc1455ca0:   00007fddc1455e18 0000000000000000
0x00007fddc1455cb0:   00007fdde9181e20 00000000da08c138
0x00007fddc1455cc0:   00007fddc1456008 0000000000000000
0x00007fddc1455cd0:   00000000daf22718 0000000000000003
0x00007fddc1455ce0:   00007fddc1455d10 00007fddc1455d10
0x00007fddc1455cf0:   0000000000000001 00007fddf820e148
0x00007fddc1455d00:   00007fddc1455d60 00007fddfeeedb0b
0x00007fddc1455d10:   01007fddff58d740 00007fdd8800dac0
0x00007fddc1455d20:   00007fdd8800daa0 00007fddf820e148
0x00007fddc1455d30:   0000000000000066 00007fddc1455fa0
0x00007fddc1455d40:   00007fddc1455d70 00007fddc1455fa0
0x00007fddc1455d50:   00007fddc1455d70 00000000da08cc08
0x00007fddc1455d60:   00007fddc1455d90 00007fddfe9c8c23
0x00007fddc1455d70:   00007fddf820d800 00007fddf820d800
0x00007fddc1455d80:   00000000daf00fd0 0000000000000000
0x00007fddc1455d90:   00007fddc1455f70 00007fdde90f01de
0x00007fddc1455da0:   00007fddc1456740 00007fddc1455d58 

Instructions: (pc=0x00007fddfd2657d2)
0x00007fddfd2657b2:   00 48 c7 40 28 00 00 00 00 41 80 7f 30 00 0f 84
0x00007fddfd2657c2:   8a 02 00 00 4c 8b 63 08 4d 2b 67 28 4d 03 67 18
0x00007fddfd2657d2:   41 0f b6 5c 24 1d 41 0f b6 44 24 1c c1 e3 08 09
0x00007fddfd2657e2:   c3 41 0f b6 44 24 1e 88 45 bd 41 0f b6 54 24 20 

Register to memory mapping:

RAX=0x00007fdd900163c0 is an unknown value
RBX=0x00007fddf8284c10 is an unknown value
RCX=0x00007fdd90000020 is an unknown value
RDX=0x00007fdd900163c0 is an unknown value
RSP=0x00007fddc1455bb0 is pointing into the stack for thread: 0x00007fddf820d800
RBP=0x00007fddc1455c00 is pointing into the stack for thread: 0x00007fddf820d800
RSI=0x00007fdd90000038 is an unknown value
RDI=0x00007fdd90000020 is an unknown value
R8 =0x0000000000000003 is an unknown value
R9 =0x0000000000000005 is an unknown value
R10=0x00007fdde917b398 is at entry_point+88 in (nmethod*)0x00007fdde917b1d0
R11=0x00007fddff743a30: <offset 0x187a30> in /lib/x86_64-linux-gnu/libc.so.6 at 0x00007fddff5bc000
R12=0x00007fddc0f0106b is an unknown value
R13=0x00007fdd900163c0 is an unknown value
R14=0x00000000933162fb is an unallocated location in the heap
R15=0x00007fddf827cef0 is an unknown value


Stack: [0x00007fddc1357000,0x00007fddc1458000],  sp=0x00007fddc1455bb0,  free space=1018k
Native frames: (J=compiled Java code, j=interpreted, Vv=VM code, C=native code)
C  [libzip.so+0x117d2]  newEntry+0x62
C  [libzip.so+0x11f2f]  ZIP_GetEntry2+0xff
C  [libzip.so+0x3d30]  Java_java_util_zip_ZipFile_getEntry+0xf0
J 214  java.util.zip.ZipFile.getEntry(J[BZ)J (0 bytes) @ 0x00007fdde917b40e [0x00007fdde917b340+0xce]
J 495 C1 java.util.zip.ZipFile.getEntry(Ljava/lang/String;)Ljava/util/zip/ZipEntry; (86 bytes) @ 0x00007fdde924e54c [0x00007fdde924e2e0+0x26c]
J 776 C1 sun.net.www.protocol.jar.URLJarFile.getEntry(Ljava/lang/String;)Ljava/util/zip/ZipEntry; (69 bytes) @ 0x00007fdde93786f4 [0x00007fdde9378620+0xd4]
J 760 C1 sun.net.www.protocol.jar.JarURLConnection.connect()V (147 bytes) @ 0x00007fdde934c11c [0x00007fdde934bc40+0x4dc]
J 861 C1 sun.net.www.protocol.jar.JarURLConnection.getJarFile()Ljava/util/jar/JarFile; (9 bytes) @ 0x00007fdde93b1244 [0x00007fdde93b11c0+0x84]
J 804 C1 org.eclipse.jetty.util.resource.JarFileResource.newConnection()V (108 bytes) @ 0x00007fdde9380c24 [0x00007fdde9380400+0x824]
J 770 C1 org.eclipse.jetty.util.resource.JarResource.checkConnection()Z (51 bytes) @ 0x00007fdde932271c [0x00007fdde93224e0+0x23c]
J 746 C1 org.eclipse.jetty.util.resource.JarFileResource.checkConnection()Z (78 bytes) @ 0x00007fdde933234c [0x00007fdde9332200+0x14c]
J 823 C1 org.eclipse.jetty.util.resource.JarResource.getInputStream()Ljava/io/InputStream; (62 bytes) @ 0x00007fdde93b6a54 [0x00007fdde93b6940+0x114]
J 695 C1 org.eclipse.jetty.annotations.AnnotationParser.parseJarEntry(Ljava/util/Set;Lorg/eclipse/jetty/util/resource/Resource;Ljava/util/jar/JarEntry;Lorg/eclipse/jetty/annotations/ClassNameResolver;)V (181 bytes) @ 0x00007fdde931f4fc [0x00007fdde931dd20+0x17dc]
j  org.eclipse.jetty.annotations.AnnotationParser.parseJar(Ljava/util/Set;Lorg/eclipse/jetty/util/resource/Resource;Lorg/eclipse/jetty/annotations/ClassNameResolver;)V+96
j  org.eclipse.jetty.annotations.AnnotationParser.parse(Ljava/util/Set;Lorg/eclipse/jetty/util/resource/Resource;Lorg/eclipse/jetty/annotations/ClassNameResolver;)V+47
j  org.eclipse.jetty.annotations.AnnotationConfiguration$ParserTask.call()Ljava/lang/Void;+37
j  org.eclipse.jetty.annotations.AnnotationConfiguration$1.run()V+4
j  org.eclipse.jetty.util.thread.QueuedThreadPool.runJob(Ljava/lang/Runnable;)V+1
j  org.eclipse.jetty.util.thread.QueuedThreadPool$3.run()V+73
j  java.lang.Thread.run()V+11
v  ~StubRoutines::call_stub
V  [libjvm.so+0x681a26]  JavaCalls::call_helper(JavaValue*, methodHandle*, JavaCallArguments*, Thread*)+0x1056
V  [libjvm.so+0x681f31]  JavaCalls::call_virtual(JavaValue*, KlassHandle, Symbol*, Symbol*, JavaCallArguments*, Thread*)+0x321
V  [libjvm.so+0x6823d7]  JavaCalls::call_virtual(JavaValue*, Handle, KlassHandle, Symbol*, Symbol*, Thread*)+0x47
V  [libjvm.so+0x718280]  thread_entry(JavaThread*, Thread*)+0xa0
V  [libjvm.so+0xa5c86f]  JavaThread::thread_main_inner()+0xdf
V  [libjvm.so+0xa5c99c]  JavaThread::run()+0x11c
V  [libjvm.so+0x910de8]  java_start(Thread*)+0x108
C  [libpthread.so.0+0x8182]  start_thread+0xc2

Java frames: (J=compiled Java code, j=interpreted, Vv=VM code)
J 214  java.util.zip.ZipFile.getEntry(J[BZ)J (0 bytes) @ 0x00007fdde917b398 [0x00007fdde917b340+0x58]
J 495 C1 java.util.zip.ZipFile.getEntry(Ljava/lang/String;)Ljava/util/zip/ZipEntry; (86 bytes) @ 0x00007fdde924e54c [0x00007fdde924e2e0+0x26c]
J 776 C1 sun.net.www.protocol.jar.URLJarFile.getEntry(Ljava/lang/String;)Ljava/util/zip/ZipEntry; (69 bytes) @ 0x00007fdde93786f4 [0x00007fdde9378620+0xd4]
J 760 C1 sun.net.www.protocol.jar.JarURLConnection.connect()V (147 bytes) @ 0x00007fdde934c11c [0x00007fdde934bc40+0x4dc]
J 861 C1 sun.net.www.protocol.jar.JarURLConnection.getJarFile()Ljava/util/jar/JarFile; (9 bytes) @ 0x00007fdde93b1244 [0x00007fdde93b11c0+0x84]
J 804 C1 org.eclipse.jetty.util.resource.JarFileResource.newConnection()V (108 bytes) @ 0x00007fdde9380c24 [0x00007fdde9380400+0x824]
J 770 C1 org.eclipse.jetty.util.resource.JarResource.checkConnection()Z (51 bytes) @ 0x00007fdde932271c [0x00007fdde93224e0+0x23c]
J 746 C1 org.eclipse.jetty.util.resource.JarFileResource.checkConnection()Z (78 bytes) @ 0x00007fdde933234c [0x00007fdde9332200+0x14c]
J 823 C1 org.eclipse.jetty.util.resource.JarResource.getInputStream()Ljava/io/InputStream; (62 bytes) @ 0x00007fdde93b6a54 [0x00007fdde93b6940+0x114]
J 695 C1 org.eclipse.jetty.annotations.AnnotationParser.parseJarEntry(Ljava/util/Set;Lorg/eclipse/jetty/util/resource/Resource;Ljava/util/jar/JarEntry;Lorg/eclipse/jetty/annotations/ClassNameResolver;)V (181 bytes) @ 0x00007fdde931f4fc [0x00007fdde931dd20+0x17dc]
j  org.eclipse.jetty.annotations.AnnotationParser.parseJar(Ljava/util/Set;Lorg/eclipse/jetty/util/resource/Resource;Lorg/eclipse/jetty/annotations/ClassNameResolver;)V+96
j  org.eclipse.jetty.annotations.AnnotationParser.parse(Ljava/util/Set;Lorg/eclipse/jetty/util/resource/Resource;Lorg/eclipse/jetty/annotations/ClassNameResolver;)V+47
j  org.eclipse.jetty.annotations.AnnotationConfiguration$ParserTask.call()Ljava/lang/Void;+37
j  org.eclipse.jetty.annotations.AnnotationConfiguration$1.run()V+4
j  org.eclipse.jetty.util.thread.QueuedThreadPool.runJob(Ljava/lang/Runnable;)V+1
j  org.eclipse.jetty.util.thread.QueuedThreadPool$3.run()V+73
j  java.lang.Thread.run()V+11
v  ~StubRoutines::call_stub

---------------  P R O C E S S  ---------------

Java Threads: ( => current thread )
  0x00007fdd98001000 JavaThread "qtp1078694789-23" [_thread_blocked, id=17466, stack(0x00007fddc0ca8000,0x00007fddc0da9000)]
  0x00007fdd78001000 JavaThread "qtp1078694789-22" [_thread_blocked, id=17465, stack(0x00007fddc0ba7000,0x00007fddc0ca8000)]
  0x00007fddf8214800 JavaThread "qtp1078694789-19" [_thread_blocked, id=17457, stack(0x00007fddc0f53000,0x00007fddc1054000)]
  0x00007fddf8212800 JavaThread "qtp1078694789-18" [_thread_blocked, id=17456, stack(0x00007fddc1054000,0x00007fddc1155000)]
  0x00007fddf8211000 JavaThread "qtp1078694789-17" [_thread_in_native, id=17455, stack(0x00007fddc1155000,0x00007fddc1256000)]
  0x00007fddf820f800 JavaThread "qtp1078694789-16" [_thread_blocked, id=17454, stack(0x00007fddc1256000,0x00007fddc1357000)]
=>0x00007fddf820d800 JavaThread "qtp1078694789-15" [_thread_in_native, id=17453, stack(0x00007fddc1357000,0x00007fddc1458000)]
  0x00007fddf820c000 JavaThread "qtp1078694789-14" [_thread_blocked, id=17452, stack(0x00007fddc1458000,0x00007fddc1559000)]
  0x00007fddf820a000 JavaThread "qtp1078694789-13" [_thread_blocked, id=17451, stack(0x00007fddc1559000,0x00007fddc165a000)]
  0x00007fddf8200000 JavaThread "qtp1078694789-12" [_thread_blocked, id=17450, stack(0x00007fddc165a000,0x00007fddc175b000)]
  0x00007fddf80d5800 JavaThread "Service Thread" daemon [_thread_blocked, id=17448, stack(0x00007fddc1aa7000,0x00007fddc1ba8000)]
  0x00007fddf80c8000 JavaThread "C1 CompilerThread3" daemon [_thread_blocked, id=17447, stack(0x00007fddc1ba8000,0x00007fddc1ca9000)]
  0x00007fddf80c6000 JavaThread "C2 CompilerThread2" daemon [_thread_in_native, id=17446, stack(0x00007fddc1ca9000,0x00007fddc1daa000)]
  0x00007fddf80c4000 JavaThread "C2 CompilerThread1" daemon [_thread_in_native, id=17445, stack(0x00007fddc1daa000,0x00007fddc1eab000)]
  0x00007fddf80c1800 JavaThread "C2 CompilerThread0" daemon [_thread_in_native, id=17444, stack(0x00007fddc1eab000,0x00007fddc1fac000)]
  0x00007fddf80c0000 JavaThread "Signal Dispatcher" daemon [_thread_blocked, id=17443, stack(0x00007fddc1fac000,0x00007fddc20ad000)]
  0x00007fddf8087000 JavaThread "Finalizer" daemon [_thread_blocked, id=17436, stack(0x00007fddc24e5000,0x00007fddc25e6000)]
  0x00007fddf8085000 JavaThread "Reference Handler" daemon [_thread_blocked, id=17435, stack(0x00007fddc25e6000,0x00007fddc26e7000)]
  0x00007fddf8009800 JavaThread "main" [_thread_blocked, id=17425, stack(0x00007fde000ac000,0x00007fde001ad000)]

Other Threads:
  0x00007fddf807f800 VMThread [stack: 0x00007fddc26e7000,0x00007fddc27e8000] [id=17434]
  0x00007fddf80d8000 WatcherThread [stack: 0x00007fddc19a6000,0x00007fddc1aa7000] [id=17449]

VM state:at safepoint (normal execution)

VM Mutex/Monitor currently owned by a thread:  ([mutex/lock_event])
[0x00007fddf8005ef0] Threads_lock - owner thread: 0x00007fddf807f800
[0x00007fddf80063f0] Heap_lock - owner thread: 0x00007fddf820c000

Heap:
 PSYoungGen      total 68608K, used 65350K [0x00000000d7100000, 0x00000000df700000, 0x0000000100000000)
  eden space 63488K, 100% used [0x00000000d7100000,0x00000000daf00000,0x00000000daf00000)
  from space 5120K, 36% used [0x00000000daf00000,0x00000000db0d1b18,0x00000000db400000)
  to   space 5120K, 99% used [0x00000000df200000,0x00000000df6f95d0,0x00000000df700000)
 ParOldGen       total 84992K, used 8341K [0x0000000085200000, 0x000000008a500000, 0x00000000d7100000)
  object space 84992K, 9% used [0x0000000085200000,0x0000000085a257e8,0x000000008a500000)
 Metaspace       used 8288K, capacity 8388K, committed 8704K, reserved 1056768K
  class space    used 898K, capacity 944K, committed 1024K, reserved 1048576K

Card table byte_map: [0x00007fddfcabc000,0x00007fddfce94000] byte_map_base: 0x00007fddfc693000

Marking Bits: (ParMarkBitMap*) 0x00007fddff591760
 Begin Bits: [0x00007fddc8290000, 0x00007fddca148000)
 End Bits:   [0x00007fddca148000, 0x00007fddcc000000)

Polling page: 0x00007fde001d8000

CodeCache: size=245760Kb used=3976Kb max_used=3976Kb free=241783Kb
 bounds [0x00007fdde9000000, 0x00007fdde93f0000, 0x00007fddf8000000]
 total_blobs=1209 nmethods=900 adapters=223
 compilation: enabled

Compilation events (10 events):
Event: 1,149 Thread 0x00007fddf80c8000 nmethod 905 0x00007fdde93d7a90 code [0x00007fdde93d7c40, 0x00007fdde93d8148]
Event: 1,149 Thread 0x00007fddf80c8000  904       3       java.lang.String::checkBounds (46 bytes)
Event: 1,149 Thread 0x00007fddf80c8000 nmethod 904 0x00007fdde93d8450 code [0x00007fdde93d8600, 0x00007fdde93d8968]
Event: 1,170 Thread 0x00007fddf80c8000  908       3       java.util.zip.ZipInputStream::read (304 bytes)
Event: 1,174 Thread 0x00007fddf80c8000 nmethod 908 0x00007fdde93d8b10 code [0x00007fdde93d8e60, 0x00007fdde93da6f8]
Event: 1,174 Thread 0x00007fddf80c8000  909   !   3       java.util.zip.InflaterInputStream::read (138 bytes)
Event: 1,176 Thread 0x00007fddf80c8000 nmethod 909 0x00007fdde93db210 code [0x00007fdde93db480, 0x00007fdde93dc568]
Event: 1,176 Thread 0x00007fddf80c8000  911       3       java.io.PushbackInputStream::read (145 bytes)
Event: 1,178 Thread 0x00007fddf80c8000 nmethod 911 0x00007fdde93dce50 code [0x00007fdde93dd040, 0x00007fdde93dd948]
Event: 1,178 Thread 0x00007fddf80c8000  914       3       org.objectweb.asm.ClassReader::a (1223 bytes)

GC Heap History (6 events):
Event: 0,430 GC heap before
{Heap before GC invocations=1 (full 0):
 PSYoungGen      total 36864K, used 31744K [0x00000000d7100000, 0x00000000d9a00000, 0x0000000100000000)
  eden space 31744K, 100% used [0x00000000d7100000,0x00000000d9000000,0x00000000d9000000)
  from space 5120K, 0% used [0x00000000d9500000,0x00000000d9500000,0x00000000d9a00000)
  to   space 5120K, 0% used [0x00000000d9000000,0x00000000d9000000,0x00000000d9500000)
 ParOldGen       total 84992K, used 0K [0x0000000085200000, 0x000000008a500000, 0x00000000d7100000)
  object space 84992K, 0% used [0x0000000085200000,0x0000000085200000,0x000000008a500000)
 Metaspace       used 7137K, capacity 7236K, committed 7552K, reserved 1056768K
  class space    used 798K, capacity 816K, committed 896K, reserved 1048576K
Event: 0,435 GC heap after
Heap after GC invocations=1 (full 0):
 PSYoungGen      total 36864K, used 2869K [0x00000000d7100000, 0x00000000db900000, 0x0000000100000000)
  eden space 31744K, 0% used [0x00000000d7100000,0x00000000d7100000,0x00000000d9000000)
  from space 5120K, 56% used [0x00000000d9000000,0x00000000d92cd778,0x00000000d9500000)
  to   space 5120K, 0% used [0x00000000db400000,0x00000000db400000,0x00000000db900000)
 ParOldGen       total 84992K, used 0K [0x0000000085200000, 0x000000008a500000, 0x00000000d7100000)
  object space 84992K, 0% used [0x0000000085200000,0x0000000085200000,0x000000008a500000)
 Metaspace       used 7137K, capacity 7236K, committed 7552K, reserved 1056768K
  class space    used 798K, capacity 816K, committed 896K, reserved 1048576K
}
Event: 0,506 GC heap before
{Heap before GC invocations=2 (full 0):
 PSYoungGen      total 36864K, used 34613K [0x00000000d7100000, 0x00000000db900000, 0x0000000100000000)
  eden space 31744K, 100% used [0x00000000d7100000,0x00000000d9000000,0x00000000d9000000)
  from space 5120K, 56% used [0x00000000d9000000,0x00000000d92cd778,0x00000000d9500000)
  to   space 5120K, 0% used [0x00000000db400000,0x00000000db400000,0x00000000db900000)
 ParOldGen       total 84992K, used 0K [0x0000000085200000, 0x000000008a500000, 0x00000000d7100000)
  object space 84992K, 0% used [0x0000000085200000,0x0000000085200000,0x000000008a500000)
 Metaspace       used 7165K, capacity 7236K, committed 7552K, reserved 1056768K
  class space    used 798K, capacity 816K, committed 896K, reserved 1048576K
Event: 0,509 GC heap after
Heap after GC invocations=2 (full 0):
 PSYoungGen      total 68608K, used 1558K [0x00000000d7100000, 0x00000000db900000, 0x0000000100000000)
  eden space 63488K, 0% used [0x00000000d7100000,0x00000000d7100000,0x00000000daf00000)
  from space 5120K, 30% used [0x00000000db400000,0x00000000db585b28,0x00000000db900000)
  to   space 5120K, 0% used [0x00000000daf00000,0x00000000daf00000,0x00000000db400000)
 ParOldGen       total 84992K, used 72K [0x0000000085200000, 0x000000008a500000, 0x00000000d7100000)
  object space 84992K, 0% used [0x0000000085200000,0x0000000085212010,0x000000008a500000)
 Metaspace       used 7165K, capacity 7236K, committed 7552K, reserved 1056768K
  class space    used 798K, capacity 816K, committed 896K, reserved 1048576K
}
Event: 0,653 GC heap before
{Heap before GC invocations=3 (full 0):
 PSYoungGen      total 68608K, used 65046K [0x00000000d7100000, 0x00000000db900000, 0x0000000100000000)
  eden space 63488K, 100% used [0x00000000d7100000,0x00000000daf00000,0x00000000daf00000)
  from space 5120K, 30% used [0x00000000db400000,0x00000000db585b28,0x00000000db900000)
  to   space 5120K, 0% used [0x00000000daf00000,0x00000000daf00000,0x00000000db400000)
 ParOldGen       total 84992K, used 72K [0x0000000085200000, 0x000000008a500000, 0x00000000d7100000)
  object space 84992K, 0% used [0x0000000085200000,0x0000000085212010,0x000000008a500000)
 Metaspace       used 7220K, capacity 7300K, committed 7552K, reserved 1056768K
  class space    used 798K, capacity 816K, committed 896K, reserved 1048576K
Event: 0,657 GC heap after
Heap after GC invocations=3 (full 0):
 PSYoungGen      total 68608K, used 1862K [0x00000000d7100000, 0x00000000df700000, 0x0000000100000000)
  eden space 63488K, 0% used [0x00000000d7100000,0x00000000d7100000,0x00000000daf00000)
  from space 5120K, 36% used [0x00000000daf00000,0x00000000db0d1b18,0x00000000db400000)
  to   space 5120K, 0% used [0x00000000df200000,0x00000000df200000,0x00000000df700000)
 ParOldGen       total 84992K, used 80K [0x0000000085200000, 0x000000008a500000, 0x00000000d7100000)
  object space 84992K, 0% used [0x0000000085200000,0x0000000085214010,0x000000008a500000)
 Metaspace       used 7220K, capacity 7300K, committed 7552K, reserved 1056768K
  class space    used 798K, capacity 816K, committed 896K, reserved 1048576K
}

Deoptimization events (10 events):
Event: 0,570 Thread 0x00007fddf8009800 Uncommon trap: reason=unstable_if action=reinterpret pc=0x00007fdde92309b8 method=java.util.zip.ZipCoder.decoder()Ljava/nio/charset/CharsetDecoder; @ 4
Event: 0,570 Thread 0x00007fddf8009800 Uncommon trap: reason=unstable_if action=reinterpret pc=0x00007fdde9239af0 method=sun.util.calendar.AbstractCalendar.getCalendarDate(JLsun/util/calendar/CalendarDate;)Lsun/util/calendar/CalendarDate; @ 138
Event: 0,571 Thread 0x00007fddf8009800 Uncommon trap: reason=unstable_if action=reinterpret pc=0x00007fdde9244ba8 method=sun.util.calendar.AbstractCalendar.getCalendarDate(JLsun/util/calendar/CalendarDate;)Lsun/util/calendar/CalendarDate; @ 138
Event: 0,572 Thread 0x00007fddf8009800 Uncommon trap: reason=unstable_if action=reinterpret pc=0x00007fdde9242800 method=sun.util.calendar.AbstractCalendar.getCalendarDate(JLsun/util/calendar/CalendarDate;)Lsun/util/calendar/CalendarDate; @ 138
Event: 0,629 Thread 0x00007fddf8009800 Uncommon trap: reason=unstable_if action=reinterpret pc=0x00007fdde92501e0 method=sun.util.calendar.AbstractCalendar.getCalendarDate(JLsun/util/calendar/CalendarDate;)Lsun/util/calendar/CalendarDate; @ 138
Event: 0,629 Thread 0x00007fddf8009800 Uncommon trap: reason=unstable_if action=reinterpret pc=0x00007fdde9247840 method=sun.util.calendar.AbstractCalendar.getCalendarDate(JLsun/util/calendar/CalendarDate;)Lsun/util/calendar/CalendarDate; @ 138
Event: 1,147 Thread 0x00007fddf8214800 Uncommon trap: reason=unstable_if action=reinterpret pc=0x00007fdde933a8e4 method=java.io.PushbackInputStream.read([BII)I @ 122
Event: 1,148 Thread 0x00007fddf8214800 Uncommon trap: reason=unstable_if action=reinterpret pc=0x00007fdde934f928 method=java.io.PushbackInputStream.read([BII)I @ 122
Event: 1,169 Thread 0x00007fdd78001000 Uncommon trap: reason=unstable_if action=reinterpret pc=0x00007fdde935d0c8 method=java.io.PushbackInputStream.read([BII)I @ 122
Event: 1,169 Thread 0x00007fdd78001000 Uncommon trap: reason=unstable_if action=reinterpret pc=0x00007fdde933491c method=java.io.PushbackInputStream.read([BII)I @ 122

Internal exceptions (10 events):
Event: 0,033 Thread 0x00007fddf8009800 Exception <a 'java/lang/NoSuchMethodError': Method sun.misc.Unsafe.defineClass(Ljava/lang/String;[BII)Ljava/lang/Class; name or signature does not match> (0x00000000d7112a38) thrown at [/RE-WORK/workspace/8-2-build-linux-amd64/jdk8u45/3457/hotspot/src/sha
Event: 0,033 Thread 0x00007fddf8009800 Exception <a 'java/lang/NoSuchMethodError': Method sun.misc.Unsafe.prefetchRead(Ljava/lang/Object;J)V name or signature does not match> (0x00000000d7112cc8) thrown at [/RE-WORK/workspace/8-2-build-linux-amd64/jdk8u45/3457/hotspot/src/share/vm/prims/jni.cp
Event: 0,093 Thread 0x00007fddf8009800 Exception <a 'java/security/PrivilegedActionException'> (0x00000000d737e6d0) thrown at [/RE-WORK/workspace/8-2-build-linux-amd64/jdk8u45/3457/hotspot/src/share/vm/prims/jvm.cpp, line 1382]
Event: 0,093 Thread 0x00007fddf8009800 Exception <a 'java/security/PrivilegedActionException'> (0x00000000d737e888) thrown at [/RE-WORK/workspace/8-2-build-linux-amd64/jdk8u45/3457/hotspot/src/share/vm/prims/jvm.cpp, line 1382]
Event: 0,094 Thread 0x00007fddf8009800 Exception <a 'java/security/PrivilegedActionException'> (0x00000000d7380cd0) thrown at [/RE-WORK/workspace/8-2-build-linux-amd64/jdk8u45/3457/hotspot/src/share/vm/prims/jvm.cpp, line 1382]
Event: 0,094 Thread 0x00007fddf8009800 Exception <a 'java/security/PrivilegedActionException'> (0x00000000d7380e88) thrown at [/RE-WORK/workspace/8-2-build-linux-amd64/jdk8u45/3457/hotspot/src/share/vm/prims/jvm.cpp, line 1382]
Event: 0,101 Thread 0x00007fddf8009800 Exception <a 'java/lang/NoClassDefFoundError': org/slf4j/Logger> (0x00000000d738d918) thrown at [/RE-WORK/workspace/8-2-build-linux-amd64/jdk8u45/3457/hotspot/src/share/vm/classfile/systemDictionary.cpp, line 199]
Event: 0,667 Thread 0x00007fddf8009800 Exception <a 'java/io/FileNotFoundException'> (0x00000000d75654b0) thrown at [/RE-WORK/workspace/8-2-build-linux-amd64/jdk8u45/3457/hotspot/src/share/vm/prims/jni.cpp, line 709]
Event: 1,146 Thread 0x00007fddf8214800 Exception <a 'java/util/zip/ZipException'> (0x00000000da5c6f10) thrown at [/RE-WORK/workspace/8-2-build-linux-amd64/jdk8u45/3457/hotspot/src/share/vm/prims/jni.cpp, line 709]
Event: 1,169 Thread 0x00007fdd78001000 Exception <a 'java/util/zip/ZipException'> (0x00000000dac01128) thrown at [/RE-WORK/workspace/8-2-build-linux-amd64/jdk8u45/3457/hotspot/src/share/vm/prims/jni.cpp, line 709]

Events (10 events):
Event: 1,148 Thread 0x00007fddf8214800 DEOPT UNPACKING pc=0x00007fdde9005229 sp=0x00007fddc1052150 mode 2
Event: 1,148 Thread 0x00007fddf8214800 Uncommon trap: trap_request=0xffffff65 fr.pc=0x00007fdde934f928
Event: 1,148 Thread 0x00007fddf8214800 DEOPT PACKING pc=0x00007fdde934f928 sp=0x00007fddc1052170
Event: 1,148 Thread 0x00007fddf8214800 DEOPT UNPACKING pc=0x00007fdde9005229 sp=0x00007fddc1052118 mode 2
Event: 1,169 Thread 0x00007fdd78001000 Uncommon trap: trap_request=0xffffff65 fr.pc=0x00007fdde935d0c8
Event: 1,169 Thread 0x00007fdd78001000 DEOPT PACKING pc=0x00007fdde935d0c8 sp=0x00007fddc0ca61a0
Event: 1,169 Thread 0x00007fdd78001000 DEOPT UNPACKING pc=0x00007fdde9005229 sp=0x00007fddc0ca6058 mode 2
Event: 1,169 Thread 0x00007fdd78001000 Uncommon trap: trap_request=0xffffff65 fr.pc=0x00007fdde933491c
Event: 1,169 Thread 0x00007fdd78001000 DEOPT PACKING pc=0x00007fdde933491c sp=0x00007fddc0ca6120
Event: 1,170 Thread 0x00007fdd78001000 DEOPT UNPACKING pc=0x00007fdde9005229 sp=0x00007fddc0ca6048 mode 2


Dynamic libraries:
00400000-00401000 r-xp 00000000 08:01 16386253                           /usr/lib/jvm/java-8-oracle/jre/bin/java
00600000-00601000 rw-p 00000000 08:01 16386253                           /usr/lib/jvm/java-8-oracle/jre/bin/java
008d9000-008fa000 rw-p 00000000 00:00 0                                  [heap]
85200000-8a500000 rw-p 00000000 00:00 0 
8a500000-d7100000 ---p 00000000 00:00 0 
d7100000-df700000 rw-p 00000000 00:00 0 
df700000-100000000 ---p 00000000 00:00 0 
100000000-100100000 rw-p 00000000 00:00 0 
100100000-140000000 ---p 00000000 00:00 0 
7fdd6c000000-7fdd6cbbf000 rw-p 00000000 00:00 0 
7fdd6cbbf000-7fdd70000000 ---p 00000000 00:00 0 
7fdd74000000-7fdd749b7000 rw-p 00000000 00:00 0 
7fdd749b7000-7fdd78000000 ---p 00000000 00:00 0 
7fdd78000000-7fdd78182000 rw-p 00000000 00:00 0 
7fdd78182000-7fdd7c000000 ---p 00000000 00:00 0 
7fdd7c000000-7fdd7cb22000 rw-p 00000000 00:00 0 
7fdd7cb22000-7fdd80000000 ---p 00000000 00:00 0 
7fdd80000000-7fdd802b1000 rw-p 00000000 00:00 0 
7fdd802b1000-7fdd84000000 ---p 00000000 00:00 0 
7fdd84000000-7fdd84744000 rw-p 00000000 00:00 0 
7fdd84744000-7fdd88000000 ---p 00000000 00:00 0 
7fdd88000000-7fdd88799000 rw-p 00000000 00:00 0 
7fdd88799000-7fdd8c000000 ---p 00000000 00:00 0 
7fdd8c000000-7fdd8c781000 rw-p 00000000 00:00 0 
7fdd8c781000-7fdd90000000 ---p 00000000 00:00 0 
7fdd90000000-7fdd90ef2000 rw-p 00000000 00:00 0 
7fdd90ef2000-7fdd94000000 ---p 00000000 00:00 0 
7fdd94000000-7fdd94021000 rw-p 00000000 00:00 0 
7fdd94021000-7fdd98000000 ---p 00000000 00:00 0 
7fdd98000000-7fdd9877a000 rw-p 00000000 00:00 0 
7fdd9877a000-7fdd9c000000 ---p 00000000 00:00 0 
7fdd9c000000-7fdd9c380000 rw-p 00000000 00:00 0 
7fdd9c380000-7fdda0000000 ---p 00000000 00:00 0 
7fdda0000000-7fdda0021000 rw-p 00000000 00:00 0 
7fdda0021000-7fdda4000000 ---p 00000000 00:00 0 
7fdda4000000-7fdda45e8000 rw-p 00000000 00:00 0 
7fdda45e8000-7fdda8000000 ---p 00000000 00:00 0 
7fdda8000000-7fdda8619000 rw-p 00000000 00:00 0 
7fdda8619000-7fddac000000 ---p 00000000 00:00 0 
7fddac000000-7fddac021000 rw-p 00000000 00:00 0 
7fddac021000-7fddb0000000 ---p 00000000 00:00 0 
7fddb0000000-7fddb073e000 rw-p 00000000 00:00 0 
7fddb073e000-7fddb4000000 ---p 00000000 00:00 0 
7fddb4000000-7fddb4021000 rw-p 00000000 00:00 0 
7fddb4021000-7fddb8000000 ---p 00000000 00:00 0 
7fddb8000000-7fddb8021000 rw-p 00000000 00:00 0 
7fddb8021000-7fddbc000000 ---p 00000000 00:00 0 
7fddbc000000-7fddbc021000 rw-p 00000000 00:00 0 
7fddbc021000-7fddc0000000 ---p 00000000 00:00 0 
7fddc0ba6000-7fddc0ba7000 rw-p 00000000 00:00 0 
7fddc0ba7000-7fddc0baa000 ---p 00000000 00:00 0 
7fddc0baa000-7fddc0ca8000 rw-p 00000000 00:00 0                          [stack:17465]
7fddc0ca8000-7fddc0cab000 ---p 00000000 00:00 0 
7fddc0cab000-7fddc0da9000 rw-p 00000000 00:00 0                          [stack:17466]
7fddc0da9000-7fddc0ddd000 r--s 00200000 00:19 9963582                    /home/kenny/dev/experimental-playground/webui/target/webapp/WEB-INF/lib/guava-16.0.1.vaadin1.jar
7fddc0ddd000-7fddc0de3000 r--s 00044000 00:19 9963583                    /home/kenny/dev/experimental-playground/webui/target/webapp/WEB-INF/lib/jsoup-1.8.1.jar
7fddc0de3000-7fddc0e1c000 r--s 00206000 00:19 9963580                    /home/kenny/dev/experimental-playground/webui/target/webapp/WEB-INF/lib/vaadin-shared-7.4.6.jar
7fddc0e1c000-7fddc0e4b000 r--s 0030e000 00:19 9963292                    /home/kenny/dev/experimental-playground/webui/target/webapp/WEB-INF/lib/vaadin-server-7.5.0.beta1.jar
7fddc0e4b000-7fddc0e4d000 r--s 00012000 00:19 9963579                    /home/kenny/dev/experimental-playground/webui/target/webapp/WEB-INF/lib/flute-1.3.0.gg2.jar
7fddc0e4d000-7fddc0e5f000 r--s 000a3000 00:19 9963587                    /home/kenny/dev/experimental-playground/webui/target/webapp/WEB-INF/lib/rxjava-1.0.8.jar
7fddc0e5f000-7fddc0e8c000 r--s 002f6000 00:19 9963576                    /home/kenny/dev/experimental-playground/webui/target/webapp/WEB-INF/lib/vaadin-server-7.4.6.jar
7fddc0e8c000-7fddc0e94000 r--s 00053000 00:19 9963586                    /home/kenny/dev/experimental-playground/webui/target/webapp/WEB-INF/lib/rxscala_2.11-0.24.1.jar
7fddc0e94000-7fddc0eb3000 r--s 006f3000 00:19 9963585                    /home/kenny/dev/experimental-playground/webui/target/webapp/WEB-INF/lib/vaadin-themes-7.4.6.jar
7fddc0eb3000-7fddc0ebc000 r--s 00079000 00:19 9963577                    /home/kenny/dev/experimental-playground/webui/target/webapp/WEB-INF/lib/vaadin-sass-compiler-0.9.12.jar
7fddc0ebc000-7fddc0ef5000 r--s 00208000 00:19 9963293                    /home/kenny/dev/experimental-playground/webui/target/webapp/WEB-INF/lib/vaadin-shared-7.5.0.beta1.jar
7fddc0ef5000-7fddc0ef8000 r--s 000df000 00:19 9963296                    /home/kenny/dev/experimental-playground/webui/target/webapp/WEB-INF/lib/vaadin-client-compiled-7.5.0.beta1.jar
7fddc0ef8000-7fddc0efa000 r--s 00008000 00:19 9963581                    /home/kenny/dev/experimental-playground/webui/target/webapp/WEB-INF/lib/streamhtmlparser-jsilver-0.0.10.vaadin1.jar
7fddc0efa000-7fddc0f53000 r--s 004f6000 00:19 9963575                    /home/kenny/dev/experimental-playground/webui/target/webapp/WEB-INF/lib/scala-library-2.11.6.jar
7fddc0f53000-7fddc0f56000 ---p 00000000 00:00 0 
7fddc0f56000-7fddc1054000 rw-p 00000000 00:00 0                          [stack:17457]
7fddc1054000-7fddc1057000 ---p 00000000 00:00 0 
7fddc1057000-7fddc1155000 rw-p 00000000 00:00 0                          [stack:17456]
7fddc1155000-7fddc1158000 ---p 00000000 00:00 0 
7fddc1158000-7fddc1256000 rw-p 00000000 00:00 0                          [stack:17455]
7fddc1256000-7fddc1259000 ---p 00000000 00:00 0 
7fddc1259000-7fddc1357000 rw-p 00000000 00:00 0                          [stack:17454]
7fddc1357000-7fddc135a000 ---p 00000000 00:00 0 
7fddc135a000-7fddc1458000 rw-p 00000000 00:00 0                          [stack:17453]
7fddc1458000-7fddc145b000 ---p 00000000 00:00 0 
7fddc145b000-7fddc1559000 rw-p 00000000 00:00 0                          [stack:17452]
7fddc1559000-7fddc155c000 ---p 00000000 00:00 0 
7fddc155c000-7fddc165a000 rw-p 00000000 00:00 0                          [stack:17451]
7fddc165a000-7fddc165d000 ---p 00000000 00:00 0 
7fddc165d000-7fddc175b000 rw-p 00000000 00:00 0                          [stack:17450]
7fddc175b000-7fddc1763000 r-xp 00000000 08:01 16515139                   /usr/lib/jvm/java-8-oracle/jre/lib/amd64/libmanagement.so
7fddc1763000-7fddc1963000 ---p 00008000 08:01 16515139                   /usr/lib/jvm/java-8-oracle/jre/lib/amd64/libmanagement.so
7fddc1963000-7fddc1964000 rw-p 00008000 08:01 16515139                   /usr/lib/jvm/java-8-oracle/jre/lib/amd64/libmanagement.so
7fddc1964000-7fddc19a6000 r--s 004bc000 00:19 11538222                   /home/kenny/.ivy2/cache/org.eclipse.jetty/jetty-runner/jars/jetty-runner-9.2.1.v20140609.jar
7fddc19a6000-7fddc19a7000 ---p 00000000 00:00 0 
7fddc19a7000-7fddc1aa7000 rw-p 00000000 00:00 0                          [stack:17449]
7fddc1aa7000-7fddc1aaa000 ---p 00000000 00:00 0 
7fddc1aaa000-7fddc1ba8000 rw-p 00000000 00:00 0                          [stack:17448]
7fddc1ba8000-7fddc1bab000 ---p 00000000 00:00 0 
7fddc1bab000-7fddc1ca9000 rw-p 00000000 00:00 0                          [stack:17447]
7fddc1ca9000-7fddc1cac000 ---p 00000000 00:00 0 
7fddc1cac000-7fddc1daa000 rw-p 00000000 00:00 0                          [stack:17446]
7fddc1daa000-7fddc1dad000 ---p 00000000 00:00 0 
7fddc1dad000-7fddc1eab000 rw-p 00000000 00:00 0                          [stack:17445]
7fddc1eab000-7fddc1eae000 ---p 00000000 00:00 0 
7fddc1eae000-7fddc1fac000 rw-p 00000000 00:00 0                          [stack:17444]
7fddc1fac000-7fddc1faf000 ---p 00000000 00:00 0 
7fddc1faf000-7fddc20ad000 rw-p 00000000 00:00 0                          [stack:17443]
7fddc20ad000-7fddc24e5000 r--p 00000000 08:01 12327061                   /usr/lib/locale/locale-archive
7fddc24e5000-7fddc24e8000 ---p 00000000 00:00 0 
7fddc24e8000-7fddc25e6000 rw-p 00000000 00:00 0                          [stack:17436]
7fddc25e6000-7fddc25e9000 ---p 00000000 00:00 0 
7fddc25e9000-7fddc26e7000 rw-p 00000000 00:00 0                          [stack:17435]
7fddc26e7000-7fddc26e8000 ---p 00000000 00:00 0 
7fddc26e8000-7fddc4000000 rw-p 00000000 00:00 0                          [stack:17434]
7fddc4000000-7fddc4021000 rw-p 00000000 00:00 0 
7fddc4021000-7fddc8000000 ---p 00000000 00:00 0 
7fddc8000000-7fddc8001000 rw-p 00000000 00:00 0 
7fddc8001000-7fddc8020000 r--s 006f5000 00:19 9963297                    /home/kenny/dev/experimental-playground/webui/target/webapp/WEB-INF/lib/vaadin-themes-7.5.0.beta1.jar
7fddc8020000-7fddc802b000 r--s 00116000 08:01 16386276                   /usr/lib/jvm/java-8-oracle/jre/lib/ext/localedata.jar
7fddc802b000-7fddcc000000 rw-p 00000000 00:00 0 
7fddcc000000-7fddcc021000 rw-p 00000000 00:00 0 
7fddcc021000-7fddd0000000 ---p 00000000 00:00 0 
7fddd0000000-7fddd0021000 rw-p 00000000 00:00 0 
7fddd0021000-7fddd4000000 ---p 00000000 00:00 0 
7fddd4000000-7fddd4021000 rw-p 00000000 00:00 0 
7fddd4021000-7fddd8000000 ---p 00000000 00:00 0 
7fddd8000000-7fddd8021000 rw-p 00000000 00:00 0 
7fddd8021000-7fdddc000000 ---p 00000000 00:00 0 
7fdddc000000-7fdddc021000 rw-p 00000000 00:00 0 
7fdddc021000-7fdde0000000 ---p 00000000 00:00 0 
7fdde0000000-7fdde0021000 rw-p 00000000 00:00 0 
7fdde0021000-7fdde4000000 ---p 00000000 00:00 0 
7fdde4000000-7fdde4021000 rw-p 00000000 00:00 0 
7fdde4021000-7fdde8000000 ---p 00000000 00:00 0 
7fdde8000000-7fdde8006000 r--s 0003e000 00:19 9963574                    /home/kenny/dev/experimental-playground/webui/target/webapp/WEB-INF/lib/webui_2.11-0.1.jar
7fdde8006000-7fdde81da000 rw-p 00000000 00:00 0 
7fdde81da000-7fdde83b3000 r--s 03d09000 08:01 16386470                   /usr/lib/jvm/java-8-oracle/jre/lib/rt.jar
7fdde83b3000-7fdde8ba9000 rw-p 00000000 00:00 0 
7fdde8ba9000-7fdde8c29000 ---p 00000000 00:00 0 
7fdde8c29000-7fdde9000000 rw-p 00000000 00:00 0 
7fdde9000000-7fdde93f0000 rwxp 00000000 00:00 0 
7fdde93f0000-7fddf8000000 ---p 00000000 00:00 0 
7fddf8000000-7fddf83df000 rw-p 00000000 00:00 0 
7fddf83df000-7fddfc000000 ---p 00000000 00:00 0 
7fddfc000000-7fddfc003000 r--s 00078000 00:19 9963584                    /home/kenny/dev/experimental-playground/webui/target/webapp/WEB-INF/lib/vaadin-client-compiled-7.4.6.jar
7fddfc003000-7fddfc024000 rw-p 00000000 00:00 0 
7fddfc024000-7fddfc025000 ---p 00000000 00:00 0 
7fddfc025000-7fddfc125000 rw-p 00000000 00:00 0                          [stack:17433]
7fddfc125000-7fddfc126000 ---p 00000000 00:00 0 
7fddfc126000-7fddfc226000 rw-p 00000000 00:00 0                          [stack:17432]
7fddfc226000-7fddfc227000 ---p 00000000 00:00 0 
7fddfc227000-7fddfc327000 rw-p 00000000 00:00 0                          [stack:17431]
7fddfc327000-7fddfc328000 ---p 00000000 00:00 0 
7fddfc328000-7fddfc428000 rw-p 00000000 00:00 0                          [stack:17430]
7fddfc428000-7fddfc429000 ---p 00000000 00:00 0 
7fddfc429000-7fddfc529000 rw-p 00000000 00:00 0                          [stack:17429]
7fddfc529000-7fddfc52a000 ---p 00000000 00:00 0 
7fddfc52a000-7fddfc62a000 rw-p 00000000 00:00 0                          [stack:17428]
7fddfc62a000-7fddfc62b000 ---p 00000000 00:00 0 
7fddfc62b000-7fddfc72b000 rw-p 00000000 00:00 0                          [stack:17427]
7fddfc72b000-7fddfc72c000 ---p 00000000 00:00 0 
7fddfc72c000-7fddfc856000 rw-p 00000000 00:00 0                          [stack:17426]
7fddfc856000-7fddfcabc000 ---p 00000000 00:00 0 
7fddfcabc000-7fddfcae6000 rw-p 00000000 00:00 0 
7fddfcae6000-7fddfcd4b000 ---p 00000000 00:00 0 
7fddfcd4b000-7fddfcd8f000 rw-p 00000000 00:00 0 
7fddfcd8f000-7fddfce93000 ---p 00000000 00:00 0 
7fddfce93000-7fddfcea4000 rw-p 00000000 00:00 0 
7fddfcea4000-7fddfd254000 ---p 00000000 00:00 0 
7fddfd254000-7fddfd26e000 r-xp 00000000 08:01 16515133                   /usr/lib/jvm/java-8-oracle/jre/lib/amd64/libzip.so
7fddfd26e000-7fddfd46e000 ---p 0001a000 08:01 16515133                   /usr/lib/jvm/java-8-oracle/jre/lib/amd64/libzip.so
7fddfd46e000-7fddfd46f000 rw-p 0001a000 08:01 16515133                   /usr/lib/jvm/java-8-oracle/jre/lib/amd64/libzip.so
7fddfd46f000-7fddfd47a000 r-xp 00000000 08:01 17695710                   /lib/x86_64-linux-gnu/libnss_files-2.19.so
7fddfd47a000-7fddfd679000 ---p 0000b000 08:01 17695710                   /lib/x86_64-linux-gnu/libnss_files-2.19.so
7fddfd679000-7fddfd67a000 r--p 0000a000 08:01 17695710                   /lib/x86_64-linux-gnu/libnss_files-2.19.so
7fddfd67a000-7fddfd67b000 rw-p 0000b000 08:01 17695710                   /lib/x86_64-linux-gnu/libnss_files-2.19.so
7fddfd67b000-7fddfd686000 r-xp 00000000 08:01 17695774                   /lib/x86_64-linux-gnu/libnss_nis-2.19.so
7fddfd686000-7fddfd885000 ---p 0000b000 08:01 17695774                   /lib/x86_64-linux-gnu/libnss_nis-2.19.so
7fddfd885000-7fddfd886000 r--p 0000a000 08:01 17695774                   /lib/x86_64-linux-gnu/libnss_nis-2.19.so
7fddfd886000-7fddfd887000 rw-p 0000b000 08:01 17695774                   /lib/x86_64-linux-gnu/libnss_nis-2.19.so
7fddfd887000-7fddfd89e000 r-xp 00000000 08:01 17695732                   /lib/x86_64-linux-gnu/libnsl-2.19.so
7fddfd89e000-7fddfda9d000 ---p 00017000 08:01 17695732                   /lib/x86_64-linux-gnu/libnsl-2.19.so
7fddfda9d000-7fddfda9e000 r--p 00016000 08:01 17695732                   /lib/x86_64-linux-gnu/libnsl-2.19.so
7fddfda9e000-7fddfda9f000 rw-p 00017000 08:01 17695732                   /lib/x86_64-linux-gnu/libnsl-2.19.so
7fddfda9f000-7fddfdaa1000 rw-p 00000000 00:00 0 
7fddfdaa1000-7fddfdaaa000 r-xp 00000000 08:01 17695731                   /lib/x86_64-linux-gnu/libnss_compat-2.19.so
7fddfdaaa000-7fddfdca9000 ---p 00009000 08:01 17695731                   /lib/x86_64-linux-gnu/libnss_compat-2.19.so
7fddfdca9000-7fddfdcaa000 r--p 00008000 08:01 17695731                   /lib/x86_64-linux-gnu/libnss_compat-2.19.so
7fddfdcaa000-7fddfdcab000 rw-p 00009000 08:01 17695731                   /lib/x86_64-linux-gnu/libnss_compat-2.19.so
7fddfdcab000-7fddfdcd5000 r-xp 00000000 08:01 16515175                   /usr/lib/jvm/java-8-oracle/jre/lib/amd64/libjava.so
7fddfdcd5000-7fddfded5000 ---p 0002a000 08:01 16515175                   /usr/lib/jvm/java-8-oracle/jre/lib/amd64/libjava.so
7fddfded5000-7fddfded7000 rw-p 0002a000 08:01 16515175                   /usr/lib/jvm/java-8-oracle/jre/lib/amd64/libjava.so
7fddfded7000-7fddfdee4000 r-xp 00000000 08:01 16515201                   /usr/lib/jvm/java-8-oracle/jre/lib/amd64/libverify.so
7fddfdee4000-7fddfe0e4000 ---p 0000d000 08:01 16515201                   /usr/lib/jvm/java-8-oracle/jre/lib/amd64/libverify.so
7fddfe0e4000-7fddfe0e6000 rw-p 0000d000 08:01 16515201                   /usr/lib/jvm/java-8-oracle/jre/lib/amd64/libverify.so
7fddfe0e6000-7fddfe0ed000 r-xp 00000000 08:01 17695771                   /lib/x86_64-linux-gnu/librt-2.19.so
7fddfe0ed000-7fddfe2ec000 ---p 00007000 08:01 17695771                   /lib/x86_64-linux-gnu/librt-2.19.so
7fddfe2ec000-7fddfe2ed000 r--p 00006000 08:01 17695771                   /lib/x86_64-linux-gnu/librt-2.19.so
7fddfe2ed000-7fddfe2ee000 rw-p 00007000 08:01 17695771                   /lib/x86_64-linux-gnu/librt-2.19.so
7fddfe2ee000-7fddfe3f3000 r-xp 00000000 08:01 17695709                   /lib/x86_64-linux-gnu/libm-2.19.so
7fddfe3f3000-7fddfe5f2000 ---p 00105000 08:01 17695709                   /lib/x86_64-linux-gnu/libm-2.19.so
7fddfe5f2000-7fddfe5f3000 r--p 00104000 08:01 17695709                   /lib/x86_64-linux-gnu/libm-2.19.so
7fddfe5f3000-7fddfe5f4000 rw-p 00105000 08:01 17695709                   /lib/x86_64-linux-gnu/libm-2.19.so
7fddfe5f4000-7fddff2a2000 r-xp 00000000 08:01 16515183                   /usr/lib/jvm/java-8-oracle/jre/lib/amd64/server/libjvm.so
7fddff2a2000-7fddff4a1000 ---p 00cae000 08:01 16515183                   /usr/lib/jvm/java-8-oracle/jre/lib/amd64/server/libjvm.so
7fddff4a1000-7fddff578000 rw-p 00cad000 08:01 16515183                   /usr/lib/jvm/java-8-oracle/jre/lib/amd64/server/libjvm.so
7fddff578000-7fddff5bc000 rw-p 00000000 00:00 0 
7fddff5bc000-7fddff777000 r-xp 00000000 08:01 17695760                   /lib/x86_64-linux-gnu/libc-2.19.so
7fddff777000-7fddff976000 ---p 001bb000 08:01 17695760                   /lib/x86_64-linux-gnu/libc-2.19.so
7fddff976000-7fddff97a000 r--p 001ba000 08:01 17695760                   /lib/x86_64-linux-gnu/libc-2.19.so
7fddff97a000-7fddff97c000 rw-p 001be000 08:01 17695760                   /lib/x86_64-linux-gnu/libc-2.19.so
7fddff97c000-7fddff981000 rw-p 00000000 00:00 0 
7fddff981000-7fddff984000 r-xp 00000000 08:01 17695713                   /lib/x86_64-linux-gnu/libdl-2.19.so
7fddff984000-7fddffb83000 ---p 00003000 08:01 17695713                   /lib/x86_64-linux-gnu/libdl-2.19.so
7fddffb83000-7fddffb84000 r--p 00002000 08:01 17695713                   /lib/x86_64-linux-gnu/libdl-2.19.so
7fddffb84000-7fddffb85000 rw-p 00003000 08:01 17695713                   /lib/x86_64-linux-gnu/libdl-2.19.so
7fddffb85000-7fddffb9a000 r-xp 00000000 08:01 16515172                   /usr/lib/jvm/java-8-oracle/jre/lib/amd64/jli/libjli.so
7fddffb9a000-7fddffd9a000 ---p 00015000 08:01 16515172                   /usr/lib/jvm/java-8-oracle/jre/lib/amd64/jli/libjli.so
7fddffd9a000-7fddffd9b000 rw-p 00015000 08:01 16515172                   /usr/lib/jvm/java-8-oracle/jre/lib/amd64/jli/libjli.so
7fddffd9b000-7fddffdb4000 r-xp 00000000 08:01 17695761                   /lib/x86_64-linux-gnu/libpthread-2.19.so
7fddffdb4000-7fddfffb3000 ---p 00019000 08:01 17695761                   /lib/x86_64-linux-gnu/libpthread-2.19.so
7fddfffb3000-7fddfffb4000 r--p 00018000 08:01 17695761                   /lib/x86_64-linux-gnu/libpthread-2.19.so
7fddfffb4000-7fddfffb5000 rw-p 00019000 08:01 17695761                   /lib/x86_64-linux-gnu/libpthread-2.19.so
7fddfffb5000-7fddfffb9000 rw-p 00000000 00:00 0 
7fddfffb9000-7fddfffdc000 r-xp 00000000 08:01 17695736                   /lib/x86_64-linux-gnu/ld-2.19.so
7fddfffdc000-7fddfffe1000 r--s 00094000 08:01 16386459                   /usr/lib/jvm/java-8-oracle/jre/lib/jsse.jar
7fddfffe1000-7fde000ac000 rw-p 00000000 00:00 0 
7fde000ac000-7fde000af000 ---p 00000000 00:00 0 
7fde000af000-7fde001b2000 rw-p 00000000 00:00 0                          [stack:17425]
7fde001b2000-7fde001b3000 r--s 00003000 00:19 9963578                    /home/kenny/dev/experimental-playground/webui/target/webapp/WEB-INF/lib/sac-1.3.jar
7fde001b3000-7fde001cf000 r--s 00393000 08:01 16386274                   /usr/lib/jvm/java-8-oracle/jre/lib/ext/cldrdata.jar
7fde001cf000-7fde001d7000 rw-s 00000000 08:01 20578335                   /tmp/hsperfdata_kenny/17421
7fde001d7000-7fde001d8000 rw-p 00000000 00:00 0 
7fde001d8000-7fde001d9000 r--p 00000000 00:00 0 
7fde001d9000-7fde001db000 rw-p 00000000 00:00 0 
7fde001db000-7fde001dc000 r--p 00022000 08:01 17695736                   /lib/x86_64-linux-gnu/ld-2.19.so
7fde001dc000-7fde001dd000 rw-p 00023000 08:01 17695736                   /lib/x86_64-linux-gnu/ld-2.19.so
7fde001dd000-7fde001de000 rw-p 00000000 00:00 0 
7fff6c353000-7fff6c374000 rw-p 00000000 00:00 0                          [stack]
7fff6c3fe000-7fff6c400000 r-xp 00000000 00:00 0                          [vdso]
ffffffffff600000-ffffffffff601000 r-xp 00000000 00:00 0                  [vsyscall]

VM Arguments:
java_command: org.eclipse.jetty.runner.Runner --port 8081 /home/kenny/dev/experimental-playground/webui/target/webapp
java_class_path (initial): /home/kenny/.ivy2/cache/org.eclipse.jetty/jetty-runner/jars/jetty-runner-9.2.1.v20140609.jar
Launcher Type: SUN_STANDARD

Environment Variables:
PATH=/home/kenny/bin:/home/kenny/bin:/usr/local/sbin:/usr/local/bin:/usr/sbin:/usr/bin:/sbin:/bin:/usr/games:/usr/local/games
USERNAME=kenny
LD_LIBRARY_PATH=/home/kenny/bin/idea-IC-141.713.2/bin:
SHELL=/bin/bash
DISPLAY=:0.0

Signal Handlers:
SIGSEGV: [libjvm.so+0xaad1e0], sa_mask[0]=11111111011111111101111111111110, sa_flags=SA_RESTART|SA_SIGINFO
SIGBUS: [libjvm.so+0xaad1e0], sa_mask[0]=11111111011111111101111111111110, sa_flags=SA_RESTART|SA_SIGINFO
SIGFPE: [libjvm.so+0x90b450], sa_mask[0]=11111111011111111101111111111110, sa_flags=SA_RESTART|SA_SIGINFO
SIGPIPE: [libjvm.so+0x90b450], sa_mask[0]=11111111011111111101111111111110, sa_flags=SA_RESTART|SA_SIGINFO
SIGXFSZ: [libjvm.so+0x90b450], sa_mask[0]=11111111011111111101111111111110, sa_flags=SA_RESTART|SA_SIGINFO
SIGILL: [libjvm.so+0x90b450], sa_mask[0]=11111111011111111101111111111110, sa_flags=SA_RESTART|SA_SIGINFO
SIGUSR1: SIG_DFL, sa_mask[0]=00000000000000000000000000000000, sa_flags=none
SIGUSR2: [libjvm.so+0x90ca90], sa_mask[0]=00100000000000000000000000000000, sa_flags=SA_RESTART|SA_SIGINFO
SIGHUP: [libjvm.so+0x90dde0], sa_mask[0]=11111111011111111101111111111110, sa_flags=SA_RESTART|SA_SIGINFO
SIGINT: [libjvm.so+0x90dde0], sa_mask[0]=11111111011111111101111111111110, sa_flags=SA_RESTART|SA_SIGINFO
SIGTERM: [libjvm.so+0x90dde0], sa_mask[0]=11111111011111111101111111111110, sa_flags=SA_RESTART|SA_SIGINFO
SIGQUIT: [libjvm.so+0x90dde0], sa_mask[0]=11111111011111111101111111111110, sa_flags=SA_RESTART|SA_SIGINFO


---------------  S Y S T E M  ---------------

OS:DISTRIB_ID=LinuxMint
DISTRIB_RELEASE=17.1
DISTRIB_CODENAME=rebecca
DISTRIB_DESCRIPTION="Linux Mint 17.1 Rebecca"

uname:Linux 3.13.0-37-generic #64-Ubuntu SMP Mon Sep 22 21:28:38 UTC 2014 x86_64
libc:glibc 2.19 NPTL 2.19 
rlimit: STACK 8192k, CORE 0k, NPROC 62640, NOFILE 4096, AS infinity
load average:0,77 1,05 1,21

/proc/meminfo:
MemTotal:        8049056 kB
MemFree:         2013504 kB
Buffers:          106156 kB
Cached:          3002772 kB
SwapCached:            0 kB
Active:          3581468 kB
Inactive:        2049708 kB
Active(anon):    2533188 kB
Inactive(anon):   276724 kB
Active(file):    1048280 kB
Inactive(file):  1772984 kB
Unevictable:           0 kB
Mlocked:               0 kB
SwapTotal:             0 kB
SwapFree:              0 kB
Dirty:             24272 kB
Writeback:             0 kB
AnonPages:       2521704 kB
Mapped:           369916 kB
Shmem:            288068 kB
Slab:             255436 kB
SReclaimable:     144672 kB
SUnreclaim:       110764 kB
KernelStack:        5120 kB
PageTables:        39188 kB
NFS_Unstable:          0 kB
Bounce:                0 kB
WritebackTmp:          0 kB
CommitLimit:     4024528 kB
Committed_AS:    6334552 kB
VmallocTotal:   34359738367 kB
VmallocUsed:      567280 kB
VmallocChunk:   34359156824 kB
HardwareCorrupted:     0 kB
AnonHugePages:    952320 kB
HugePages_Total:       0
HugePages_Free:        0
HugePages_Rsvd:        0
HugePages_Surp:        0
Hugepagesize:       2048 kB
DirectMap4k:       87804 kB
DirectMap2M:     8173568 kB


CPU:total 8 (4 cores per cpu, 2 threads per core) family 6 model 58 stepping 9, cmov, cx8, fxsr, mmx, sse, sse2, sse3, ssse3, sse4.1, sse4.2, popcnt, avx, aes, clmul, erms, ht, tsc, tscinvbit, tscinv

/proc/cpuinfo:
processor	: 0
vendor_id	: GenuineIntel
cpu family	: 6
model		: 58
model name	: Intel(R) Core(TM) i7-3612QM CPU @ 2.10GHz
stepping	: 9
microcode	: 0x15
cpu MHz		: 2101.000
cache size	: 6144 KB
physical id	: 0
siblings	: 8
core id		: 0
cpu cores	: 4
apicid		: 0
initial apicid	: 0
fpu		: yes
fpu_exception	: yes
cpuid level	: 13
wp		: yes
flags		: fpu vme de pse tsc msr pae mce cx8 apic sep mtrr pge mca cmov pat pse36 clflush dts acpi mmx fxsr sse sse2 ss ht tm pbe syscall nx rdtscp lm constant_tsc arch_perfmon pebs bts rep_good nopl xtopology nonstop_tsc aperfmperf eagerfpu pni pclmulqdq dtes64 monitor ds_cpl vmx est tm2 ssse3 cx16 xtpr pdcm pcid sse4_1 sse4_2 x2apic popcnt tsc_deadline_timer aes xsave avx f16c rdrand lahf_lm ida arat epb xsaveopt pln pts dtherm tpr_shadow vnmi flexpriority ept vpid fsgsbase smep erms
bogomips	: 4190.85
clflush size	: 64
cache_alignment	: 64
address sizes	: 36 bits physical, 48 bits virtual
power management:

processor	: 1
vendor_id	: GenuineIntel
cpu family	: 6
model		: 58
model name	: Intel(R) Core(TM) i7-3612QM CPU @ 2.10GHz
stepping	: 9
microcode	: 0x15
cpu MHz		: 1700.000
cache size	: 6144 KB
physical id	: 0
siblings	: 8
core id		: 0
cpu cores	: 4
apicid		: 1
initial apicid	: 1
fpu		: yes
fpu_exception	: yes
cpuid level	: 13
wp		: yes
flags		: fpu vme de pse tsc msr pae mce cx8 apic sep mtrr pge mca cmov pat pse36 clflush dts acpi mmx fxsr sse sse2 ss ht tm pbe syscall nx rdtscp lm constant_tsc arch_perfmon pebs bts rep_good nopl xtopology nonstop_tsc aperfmperf eagerfpu pni pclmulqdq dtes64 monitor ds_cpl vmx est tm2 ssse3 cx16 xtpr pdcm pcid sse4_1 sse4_2 x2apic popcnt tsc_deadline_timer aes xsave avx f16c rdrand lahf_lm ida arat epb xsaveopt pln pts dtherm tpr_shadow vnmi flexpriority ept vpid fsgsbase smep erms
bogomips	: 4190.85
clflush size	: 64
cache_alignment	: 64
address sizes	: 36 bits physical, 48 bits virtual
power management:

processor	: 2
vendor_id	: GenuineIntel
cpu family	: 6
model		: 58
model name	: Intel(R) Core(TM) i7-3612QM CPU @ 2.10GHz
stepping	: 9
microcode	: 0x15
cpu MHz		: 2000.000
cache size	: 6144 KB
physical id	: 0
siblings	: 8
core id		: 1
cpu cores	: 4
apicid		: 2
initial apicid	: 2
fpu		: yes
fpu_exception	: yes
cpuid level	: 13
wp		: yes
flags		: fpu vme de pse tsc msr pae mce cx8 apic sep mtrr pge mca cmov pat pse36 clflush dts acpi mmx fxsr sse sse2 ss ht tm pbe syscall nx rdtscp lm constant_tsc arch_perfmon pebs bts rep_good nopl xtopology nonstop_tsc aperfmperf eagerfpu pni pclmulqdq dtes64 monitor ds_cpl vmx est tm2 ssse3 cx16 xtpr pdcm pcid sse4_1 sse4_2 x2apic popcnt tsc_deadline_timer aes xsave avx f16c rdrand lahf_lm ida arat epb xsaveopt pln pts dtherm tpr_shadow vnmi flexpriority ept vpid fsgsbase smep erms
bogomips	: 4190.85
clflush size	: 64
cache_alignment	: 64
address sizes	: 36 bits physical, 48 bits virtual
power management:

processor	: 3
vendor_id	: GenuineIntel
cpu family	: 6
model		: 58
model name	: Intel(R) Core(TM) i7-3612QM CPU @ 2.10GHz
stepping	: 9
microcode	: 0x15
cpu MHz		: 1200.000
cache size	: 6144 KB
physical id	: 0
siblings	: 8
core id		: 1
cpu cores	: 4
apicid		: 3
initial apicid	: 3
fpu		: yes
fpu_exception	: yes
cpuid level	: 13
wp		: yes
flags		: fpu vme de pse tsc msr pae mce cx8 apic sep mtrr pge mca cmov pat pse36 clflush dts acpi mmx fxsr sse sse2 ss ht tm pbe syscall nx rdtscp lm constant_tsc arch_perfmon pebs bts rep_good nopl xtopology nonstop_tsc aperfmperf eagerfpu pni pclmulqdq dtes64 monitor ds_cpl vmx est tm2 ssse3 cx16 xtpr pdcm pcid sse4_1 sse4_2 x2apic popcnt tsc_deadline_timer aes xsave avx f16c rdrand lahf_lm ida arat epb xsaveopt pln pts dtherm tpr_shadow vnmi flexpriority ept vpid fsgsbase smep erms
bogomips	: 4190.85
clflush size	: 64
cache_alignment	: 64
address sizes	: 36 bits physical, 48 bits virtual
power management:

processor	: 4
vendor_id	: GenuineIntel
cpu family	: 6
model		: 58
model name	: Intel(R) Core(TM) i7-3612QM CPU @ 2.10GHz
stepping	: 9
microcode	: 0x15
cpu MHz		: 1900.000
cache size	: 6144 KB
physical id	: 0
siblings	: 8
core id		: 2
cpu cores	: 4
apicid		: 4
initial apicid	: 4
fpu		: yes
fpu_exception	: yes
cpuid level	: 13
wp		: yes
flags		: fpu vme de pse tsc msr pae mce cx8 apic sep mtrr pge mca cmov pat pse36 clflush dts acpi mmx fxsr sse sse2 ss ht tm pbe syscall nx rdtscp lm constant_tsc arch_perfmon pebs bts rep_good nopl xtopology nonstop_tsc aperfmperf eagerfpu pni pclmulqdq dtes64 monitor ds_cpl vmx est tm2 ssse3 cx16 xtpr pdcm pcid sse4_1 sse4_2 x2apic popcnt tsc_deadline_timer aes xsave avx f16c rdrand lahf_lm ida arat epb xsaveopt pln pts dtherm tpr_shadow vnmi flexpriority ept vpid fsgsbase smep erms
bogomips	: 4190.85
clflush size	: 64
cache_alignment	: 64
address sizes	: 36 bits physical, 48 bits virtual
power management:

processor	: 5
vendor_id	: GenuineIntel
cpu family	: 6
model		: 58
model name	: Intel(R) Core(TM) i7-3612QM CPU @ 2.10GHz
stepping	: 9
microcode	: 0x15
cpu MHz		: 2101.000
cache size	: 6144 KB
physical id	: 0
siblings	: 8
core id		: 2
cpu cores	: 4
apicid		: 5
initial apicid	: 5
fpu		: yes
fpu_exception	: yes
cpuid level	: 13
wp		: yes
flags		: fpu vme de pse tsc msr pae mce cx8 apic sep mtrr pge mca cmov pat pse36 clflush dts acpi mmx fxsr sse sse2 ss ht tm pbe syscall nx rdtscp lm constant_tsc arch_perfmon pebs bts rep_good nopl xtopology nonstop_tsc aperfmperf eagerfpu pni pclmulqdq dtes64 monitor ds_cpl vmx est tm2 ssse3 cx16 xtpr pdcm pcid sse4_1 sse4_2 x2apic popcnt tsc_deadline_timer aes xsave avx f16c rdrand lahf_lm ida arat epb xsaveopt pln pts dtherm tpr_shadow vnmi flexpriority ept vpid fsgsbase smep erms
bogomips	: 4190.85
clflush size	: 64
cache_alignment	: 64
address sizes	: 36 bits physical, 48 bits virtual
power management:

processor	: 6
vendor_id	: GenuineIntel
cpu family	: 6
model		: 58
model name	: Intel(R) Core(TM) i7-3612QM CPU @ 2.10GHz
stepping	: 9
microcode	: 0x15
cpu MHz		: 2101.000
cache size	: 6144 KB
physical id	: 0
siblings	: 8
core id		: 3
cpu cores	: 4
apicid		: 6
initial apicid	: 6
fpu		: yes
fpu_exception	: yes
cpuid level	: 13
wp		: yes
flags		: fpu vme de pse tsc msr pae mce cx8 apic sep mtrr pge mca cmov pat pse36 clflush dts acpi mmx fxsr sse sse2 ss ht tm pbe syscall nx rdtscp lm constant_tsc arch_perfmon pebs bts rep_good nopl xtopology nonstop_tsc aperfmperf eagerfpu pni pclmulqdq dtes64 monitor ds_cpl vmx est tm2 ssse3 cx16 xtpr pdcm pcid sse4_1 sse4_2 x2apic popcnt tsc_deadline_timer aes xsave avx f16c rdrand lahf_lm ida arat epb xsaveopt pln pts dtherm tpr_shadow vnmi flexpriority ept vpid fsgsbase smep erms
bogomips	: 4190.85
clflush size	: 64
cache_alignment	: 64
address sizes	: 36 bits physical, 48 bits virtual
power management:

processor	: 7
vendor_id	: GenuineIntel
cpu family	: 6
model		: 58
model name	: Intel(R) Core(TM) i7-3612QM CPU @ 2.10GHz
stepping	: 9
microcode	: 0x15
cpu MHz		: 1800.000
cache size	: 6144 KB
physical id	: 0
siblings	: 8
core id		: 3
cpu cores	: 4
apicid		: 7
initial apicid	: 7
fpu		: yes
fpu_exception	: yes
cpuid level	: 13
wp		: yes
flags		: fpu vme de pse tsc msr pae mce cx8 apic sep mtrr pge mca cmov pat pse36 clflush dts acpi mmx fxsr sse sse2 ss ht tm pbe syscall nx rdtscp lm constant_tsc arch_perfmon pebs bts rep_good nopl xtopology nonstop_tsc aperfmperf eagerfpu pni pclmulqdq dtes64 monitor ds_cpl vmx est tm2 ssse3 cx16 xtpr pdcm pcid sse4_1 sse4_2 x2apic popcnt tsc_deadline_timer aes xsave avx f16c rdrand lahf_lm ida arat epb xsaveopt pln pts dtherm tpr_shadow vnmi flexpriority ept vpid fsgsbase smep erms
bogomips	: 4190.85
clflush size	: 64
cache_alignment	: 64
address sizes	: 36 bits physical, 48 bits virtual
power management:



Memory: 4k page, physical 8049056k(2012992k free), swap 0k(0k free)

vm_info: Java HotSpot(TM) 64-Bit Server VM (25.45-b02) for linux-amd64 JRE (1.8.0_45-b14), built on Apr 10 2015 10:07:45 by "java_re" with gcc 4.3.0 20080428 (Red Hat 4.3.0-8)

time: Sat May 30 21:10:50 2015
elapsed time: 1 seconds (0d 0h 0m 1s)

